\BOOKMARK [0][-]{chapter*.2}{Muc luc}{}% 1
\BOOKMARK [0][-]{chapter.1}{Gii thiu}{}% 2
\BOOKMARK [1][-]{section.1.1}{Gii thiu \040t\340i}{chapter.1}% 3
\BOOKMARK [1][-]{section.1.2}{Muc ti\352u, ni dung \040t\340i}{chapter.1}% 4
\BOOKMARK [2][-]{subsection.1.2.1}{Muc ti\352u}{section.1.2}% 5
\BOOKMARK [2][-]{subsection.1.2.2}{Ni dung \040t\340i}{section.1.2}% 6
\BOOKMARK [1][-]{section.1.3}{Gii han \040t\340i}{chapter.1}% 7
\BOOKMARK [1][-]{section.1.4}{Cu tr\372c lun van}{chapter.1}% 8
\BOOKMARK [0][-]{chapter.2}{C s l\355 thuyt v\340 c\341c nghi\352n cu li\352n quan}{}% 9
\BOOKMARK [1][-]{section.2.1}{C s l\355 thuyt}{chapter.2}% 10
\BOOKMARK [2][-]{subsection.2.1.1}{Anh s}{section.2.1}% 11
\BOOKMARK [2][-]{subsection.2.1.2}{C\341c inh dang anh s}{section.2.1}% 12
\BOOKMARK [2][-]{subsection.2.1.3}{ Tr\355ch xut d h\354nh anh theo c trng }{section.2.1}% 13
\BOOKMARK [2][-]{subsection.2.1.4}{C\341c c trung cua h\354nh anh.}{section.2.1}% 14
\BOOKMARK [2][-]{subsection.2.1.5}{Deep learning}{section.2.1}% 15
\BOOKMARK [1][-]{section.2.2}{C\341c nghi\352n cu li\352n quan}{chapter.2}% 16
\BOOKMARK [2][-]{subsection.2.2.1}{B\340i b\341o: "Deep learning for content-based image retrieval: A comprehensive study." paper-1}{section.2.2}% 17
\BOOKMARK [2][-]{subsection.2.2.2}{B\340i b\341o: "A simple texture feature for retrieval of medical images." paper-2}{section.2.2}% 18
\BOOKMARK [2][-]{subsection.2.2.3}{B\340i b\341o: "A new method of content based medical image retrieval and its applications to CT imaging sign retrieval" paper-3}{section.2.2}% 19
\BOOKMARK [2][-]{subsection.2.2.4}{B\340i b\341o: "Deep convolutional learning for Content Based Image Retrieval" paper-4}{section.2.2}% 20
\BOOKMARK [0][-]{chapter.3}{Phng ph\341p \040xut}{}% 21
\BOOKMARK [1][-]{section.3.1}{Y\352u cu b\340i to\341n}{chapter.3}% 22
\BOOKMARK [1][-]{section.3.2}{ Phng ph\341p \040xut }{chapter.3}% 23
\BOOKMARK [2][-]{subsection.3.2.1}{S dung c trng c tr\355ch xut t mang n-ron t\355ch chp \343 c hun luyn}{section.3.2}% 24
\BOOKMARK [2][-]{subsection.3.2.2}{S dung c trng c tr\355ch xut t mang n-ron t\355ch chp sau khi thc hin hoc chuyn giao }{section.3.2}% 25
\BOOKMARK [1][-]{section.3.3}{ C\341c phng ph\341p \341nh gi\341 }{chapter.3}% 26
\BOOKMARK [0][-]{chapter.4}{Hin thc v\340 \341nh gi\341 kt qua}{}% 27
\BOOKMARK [1][-]{section.4.1}{T\340i nguy\352n cn thit}{chapter.4}% 28
\BOOKMARK [2][-]{subsection.4.1.1}{Ng\364n ng Python}{section.4.1}% 29
\BOOKMARK [2][-]{subsection.4.1.2}{Framework TensorFlow}{section.4.1}% 30
\BOOKMARK [1][-]{section.4.2}{Hin thc c\341c module}{chapter.4}% 31
\BOOKMARK [1][-]{section.4.3}{Quy tr\354nh thc hin}{chapter.4}% 32
\BOOKMARK [1][-]{section.4.4}{Kt qua}{chapter.4}% 33
\BOOKMARK [0][-]{chapter.5}{Kt lun}{}% 34
\BOOKMARK [1][-]{section.5.1}{Kt qua at c}{chapter.5}% 35
\BOOKMARK [1][-]{section.5.2}{u nhc im}{chapter.5}% 36
\BOOKMARK [2][-]{subsection.5.2.1}{u im}{section.5.2}% 37
\BOOKMARK [2][-]{subsection.5.2.2}{Nhc im}{section.5.2}% 38
\BOOKMARK [1][-]{section.5.3}{\320inh hng lun van tt nghip}{chapter.5}% 39
\BOOKMARK [0][-]{chapter*.36}{T\340i liu tham khao}{}% 40
